0 info it worked if it ends with ok
1 verbose cli [ 'C:\\Program Files\\nodejs\\node.exe',
1 verbose cli   'C:\\Program Files\\nodejs\\node_modules\\npm\\bin\\npm-cli.js',
1 verbose cli   'start' ]
2 info using npm@3.10.10
3 info using node@v6.11.2
4 verbose run-script [ 'prestart', 'start', 'poststart' ]
5 info lifecycle boilerplate@1.0.0~prestart: boilerplate@1.0.0
6 silly lifecycle boilerplate@1.0.0~prestart: no script for prestart, continuing
7 info lifecycle boilerplate@1.0.0~start: boilerplate@1.0.0
8 verbose lifecycle boilerplate@1.0.0~start: unsafe-perm in lifecycle true
9 verbose lifecycle boilerplate@1.0.0~start: PATH: C:\Program Files\nodejs\node_modules\npm\bin\node-gyp-bin;E:\edu\node assignment\InfintyScroll\node_modules\.bin;C:\PROGRAM FILES (X86)\NVIDIA CORPORATION\PHYSX\COMMON;C:\WINDOWS\SYSTEM32;C:\WINDOWS;C:\WINDOWS\SYSTEM32\WBEM;C:\WINDOWS\SYSTEM32\WINDOWSPOWERSHELL\V1.0\;;C:\PROGRAM FILES\NODEJS\;C:\PROGRAM FILES\GIT\CMD;C:\Users\Student\AppData\Roaming\npm
10 verbose lifecycle boilerplate@1.0.0~start: CWD: E:\edu\node assignment\InfintyScroll
11 silly lifecycle boilerplate@1.0.0~start: Args: [ '/d /s /c', 'webpack  && cd server && node ./server.js' ]
12 silly lifecycle boilerplate@1.0.0~start: Returned: code: 3221225786  signal: null
13 info lifecycle boilerplate@1.0.0~start: Failed to exec start script
14 verbose stack Error: boilerplate@1.0.0 start: `webpack  && cd server && node ./server.js`
14 verbose stack Exit status 3221225786
14 verbose stack     at EventEmitter.<anonymous> (C:\Program Files\nodejs\node_modules\npm\lib\utils\lifecycle.js:255:16)
14 verbose stack     at emitTwo (events.js:106:13)
14 verbose stack     at EventEmitter.emit (events.js:191:7)
14 verbose stack     at ChildProcess.<anonymous> (C:\Program Files\nodejs\node_modules\npm\lib\utils\spawn.js:40:14)
14 verbose stack     at emitTwo (events.js:106:13)
14 verbose stack     at ChildProcess.emit (events.js:191:7)
14 verbose stack     at maybeClose (internal/child_process.js:891:16)
14 verbose stack     at Process.ChildProcess._handle.onexit (internal/child_process.js:226:5)
15 verbose pkgid boilerplate@1.0.0
16 verbose cwd E:\edu\node assignment\InfintyScroll
17 error Windows_NT 6.3.9600
18 error argv "C:\\Program Files\\nodejs\\node.exe" "C:\\Program Files\\nodejs\\node_modules\\npm\\bin\\npm-cli.js" "start"
19 error node v6.11.2
20 error npm  v3.10.10
21 error code ELIFECYCLE
22 error boilerplate@1.0.0 start: `webpack  && cd server && node ./server.js`
22 error Exit status 3221225786
23 error Failed at the boilerplate@1.0.0 start script 'webpack  && cd server && node ./server.js'.
23 error Make sure you have the latest version of node.js and npm installed.
23 error If you do, this is most likely a problem with the boilerplate package,
23 error not with npm itself.
23 error Tell the author that this fails on your system:
23 error     webpack  && cd server && node ./server.js
23 error You can get information on how to open an issue for this project with:
23 error     npm bugs boilerplate
23 error Or if that isn't available, you can get their info via:
23 error     npm owner ls boilerplate
23 error There is likely additional logging output above.
24 verbose exit [ 1, true ]
